This is pdfTeX, Version 3.14159265-2.6-1.40.21 (MiKTeX 2.9.7300) (preloaded format=pdflatex 2020.2.25)  25 FEB 2020 17:41
entering extended mode
**"./Divide and Conquer.tex"
("Divide and Conquer.tex"
LaTeX2e <2020-02-02> patch level 3
L3 programming layer <2020-02-21>
("/Users/chang-hyunmungai/Library/Application Support/MiKTeX/texmfs/install/tex
/latex/base/article.cls"
Document Class: article 2019/12/20 v1.4l Standard LaTeX document class

("/Users/chang-hyunmungai/Library/Application Support/MiKTeX/texmfs/install/tex
/latex/base/size11.clo"
File: size11.clo 2019/12/20 v1.4l Standard LaTeX file (size option)
)
\c@part=\count167
\c@section=\count168
\c@subsection=\count169
\c@subsubsection=\count170
\c@paragraph=\count171
\c@subparagraph=\count172
\c@figure=\count173
\c@table=\count174
\abovecaptionskip=\skip47
\belowcaptionskip=\skip48
\bibindent=\dimen134
)
("/Users/chang-hyunmungai/Library/Application Support/MiKTeX/texmfs/install/tex
/latex/amsmath/amsmath.sty"
Package: amsmath 2020/01/20 v2.17e AMS math features
\@mathmargin=\skip49

For additional information on amsmath, use the `?' option.

("/Users/chang-hyunmungai/Library/Application Support/MiKTeX/texmfs/install/tex
/latex/amsmath/amstext.sty"
Package: amstext 2000/06/29 v2.01 AMS text

("/Users/chang-hyunmungai/Library/Application Support/MiKTeX/texmfs/install/tex
/latex/amsmath/amsgen.sty"
File: amsgen.sty 1999/11/30 v2.0 generic functions
\@emptytoks=\toks14
\ex@=\dimen135
))
("/Users/chang-hyunmungai/Library/Application Support/MiKTeX/texmfs/install/tex
/latex/amsmath/amsbsy.sty"
Package: amsbsy 1999/11/29 v1.2d Bold Symbols
\pmbraise@=\dimen136
)
("/Users/chang-hyunmungai/Library/Application Support/MiKTeX/texmfs/install/tex
/latex/amsmath/amsopn.sty"
Package: amsopn 2016/03/08 v2.02 operator names
)
\inf@bad=\count175
LaTeX Info: Redefining \frac on input line 227.
\uproot@=\count176
\leftroot@=\count177
LaTeX Info: Redefining \overline on input line 389.
\classnum@=\count178
\DOTSCASE@=\count179
LaTeX Info: Redefining \ldots on input line 486.
LaTeX Info: Redefining \dots on input line 489.
LaTeX Info: Redefining \cdots on input line 610.
\Mathstrutbox@=\box45
\strutbox@=\box46
\big@size=\dimen137
LaTeX Font Info:    Redeclaring font encoding OML on input line 733.
LaTeX Font Info:    Redeclaring font encoding OMS on input line 734.
\macc@depth=\count180
\c@MaxMatrixCols=\count181
\dotsspace@=\muskip16
\c@parentequation=\count182
\dspbrk@lvl=\count183
\tag@help=\toks15
\row@=\count184
\column@=\count185
\maxfields@=\count186
\andhelp@=\toks16
\eqnshift@=\dimen138
\alignsep@=\dimen139
\tagshift@=\dimen140
\tagwidth@=\dimen141
\totwidth@=\dimen142
\lineht@=\dimen143
\@envbody=\toks17
\multlinegap=\skip50
\multlinetaggap=\skip51
\mathdisplay@stack=\toks18
LaTeX Info: Redefining \[ on input line 2859.
LaTeX Info: Redefining \] on input line 2860.
)
("/Users/chang-hyunmungai/Library/Application Support/MiKTeX/texmfs/install/tex
/latex/amsfonts/amssymb.sty"
Package: amssymb 2013/01/14 v3.01 AMS font symbols

("/Users/chang-hyunmungai/Library/Application Support/MiKTeX/texmfs/install/tex
/latex/amsfonts/amsfonts.sty"
Package: amsfonts 2013/01/14 v3.01 Basic AMSFonts support
\symAMSa=\mathgroup4
\symAMSb=\mathgroup5
LaTeX Font Info:    Redeclaring math symbol \hbar on input line 98.
LaTeX Font Info:    Overwriting math alphabet `\mathfrak' in version `bold'
(Font)                  U/euf/m/n --> U/euf/b/n on input line 106.
))
("/Users/chang-hyunmungai/Library/Application Support/MiKTeX/texmfs/install/tex
/latex/fancyhdr/fancyhdr.sty"
Package: fancyhdr 2019/01/31 v3.10 Extensive control of page headers and footer
s
\f@nch@headwidth=\skip52
\f@nch@O@elh=\skip53
\f@nch@O@erh=\skip54
\f@nch@O@olh=\skip55
\f@nch@O@orh=\skip56
\f@nch@O@elf=\skip57
\f@nch@O@erf=\skip58
\f@nch@O@olf=\skip59
\f@nch@O@orf=\skip60
)
("/Users/chang-hyunmungai/Library/Application Support/MiKTeX/texmfs/install/tex
/latex/listings/listings.sty"
("/Users/chang-hyunmungai/Library/Application Support/MiKTeX/texmfs/install/tex
/latex/graphics/keyval.sty"
Package: keyval 2014/10/28 v1.15 key=value parser (DPC)
\KV@toks@=\toks19
)
\lst@mode=\count187
\lst@gtempboxa=\box47
\lst@token=\toks20
\lst@length=\count188
\lst@currlwidth=\dimen144
\lst@column=\count189
\lst@pos=\count190
\lst@lostspace=\dimen145
\lst@width=\dimen146
\lst@newlines=\count191
\lst@lineno=\count192
\lst@maxwidth=\dimen147

("/Users/chang-hyunmungai/Library/Application Support/MiKTeX/texmfs/install/tex
/latex/listings/lstmisc.sty"
File: lstmisc.sty 2019/09/10 1.8c (Carsten Heinz)
\c@lstnumber=\count193
\lst@skipnumbers=\count194
\lst@framebox=\box48
)
("/Users/chang-hyunmungai/Library/Application Support/MiKTeX/texmfs/install/tex
/latex/listings/listings.cfg"
File: listings.cfg 2019/09/10 1.8c listings configuration
))
Package: listings 2019/09/10 1.8c (Carsten Heinz)

("/Users/chang-hyunmungai/Library/Application Support/MiKTeX/texmfs/install/tex
/latex/graphics/color.sty"
Package: color 2019/11/23 v1.2a Standard LaTeX Color (DPC)

("/Users/chang-hyunmungai/Library/Application Support/MiKTeX/texmfs/install/tex
/latex/graphics-cfg/color.cfg"
File: color.cfg 2016/01/02 v1.6 sample color configuration
)
Package color Info: Driver file: pdftex.def on input line 147.

("/Users/chang-hyunmungai/Library/Application Support/MiKTeX/texmfs/install/tex
/latex/graphics-def/pdftex.def"
File: pdftex.def 2018/01/08 v1.0l Graphics/color driver for pdftex
))
("/Users/chang-hyunmungai/Library/Application Support/MiKTeX/texmfs/install/tex
/latex/graphics/graphicx.sty"
Package: graphicx 2019/11/30 v1.2a Enhanced LaTeX Graphics (DPC,SPQR)

("/Users/chang-hyunmungai/Library/Application Support/MiKTeX/texmfs/install/tex
/latex/graphics/graphics.sty"
Package: graphics 2019/11/30 v1.4a Standard LaTeX Graphics (DPC,SPQR)

("/Users/chang-hyunmungai/Library/Application Support/MiKTeX/texmfs/install/tex
/latex/graphics/trig.sty"
Package: trig 2016/01/03 v1.10 sin cos tan (DPC)
)
("/Users/chang-hyunmungai/Library/Application Support/MiKTeX/texmfs/install/tex
/latex/graphics-cfg/graphics.cfg"
File: graphics.cfg 2016/06/04 v1.11 sample graphics configuration
)
Package graphics Info: Driver file: pdftex.def on input line 105.
)
\Gin@req@height=\dimen148
\Gin@req@width=\dimen149
)
("/Users/chang-hyunmungai/Library/Application Support/MiKTeX/texmfs/install/tex
/latex/hyperref/hyperref.sty"
Package: hyperref 2020/01/14 v7.00d Hypertext links for LaTeX

("/Users/chang-hyunmungai/Library/Application Support/MiKTeX/texmfs/install/tex
/generic/ltxcmds/ltxcmds.sty"
Package: ltxcmds 2019/12/15 v1.24 LaTeX kernel commands for general use (HO)
)
("/Users/chang-hyunmungai/Library/Application Support/MiKTeX/texmfs/install/tex
/generic/iftex/iftex.sty"
Package: iftex 2019/11/07 v1.0c TeX engine tests
)
("/Users/chang-hyunmungai/Library/Application Support/MiKTeX/texmfs/install/tex
/latex/pdftexcmds/pdftexcmds.sty"
Package: pdftexcmds 2019/11/24 v0.31 Utility functions of pdfTeX for LuaTeX (HO
)

("/Users/chang-hyunmungai/Library/Application Support/MiKTeX/texmfs/install/tex
/generic/infwarerr/infwarerr.sty"
Package: infwarerr 2019/12/03 v1.5 Providing info/warning/error messages (HO)
)
Package pdftexcmds Info: \pdf@primitive is available.
Package pdftexcmds Info: \pdf@ifprimitive is available.
Package pdftexcmds Info: \pdfdraftmode found.
)
("/Users/chang-hyunmungai/Library/Application Support/MiKTeX/texmfs/install/tex
/generic/kvsetkeys/kvsetkeys.sty"
Package: kvsetkeys 2019/12/15 v1.18 Key value parser (HO)
)
("/Users/chang-hyunmungai/Library/Application Support/MiKTeX/texmfs/install/tex
/generic/kvdefinekeys/kvdefinekeys.sty"
Package: kvdefinekeys 2019-12-19 v1.6 Define keys (HO)
)
("/Users/chang-hyunmungai/Library/Application Support/MiKTeX/texmfs/install/tex
/generic/pdfescape/pdfescape.sty"
Package: pdfescape 2019/12/09 v1.15 Implements pdfTeX's escape features (HO)
)
("/Users/chang-hyunmungai/Library/Application Support/MiKTeX/texmfs/install/tex
/latex/hycolor/hycolor.sty"
Package: hycolor 2020-01-27 v1.10 Color options for hyperref/bookmark (HO)
)
("/Users/chang-hyunmungai/Library/Application Support/MiKTeX/texmfs/install/tex
/latex/letltxmacro/letltxmacro.sty"
Package: letltxmacro 2019/12/03 v1.6 Let assignment for LaTeX macros (HO)
)
("/Users/chang-hyunmungai/Library/Application Support/MiKTeX/texmfs/install/tex
/latex/auxhook/auxhook.sty"
Package: auxhook 2019-12-17 v1.6 Hooks for auxiliary files (HO)
)
("/Users/chang-hyunmungai/Library/Application Support/MiKTeX/texmfs/install/tex
/latex/kvoptions/kvoptions.sty"
Package: kvoptions 2019/11/29 v3.13 Key value format for package options (HO)
)
\@linkdim=\dimen150
\Hy@linkcounter=\count195
\Hy@pagecounter=\count196

("/Users/chang-hyunmungai/Library/Application Support/MiKTeX/texmfs/install/tex
/latex/hyperref/pd1enc.def"
File: pd1enc.def 2020/01/14 v7.00d Hyperref: PDFDocEncoding definition (HO)
Now handling font encoding PD1 ...
... no UTF-8 mapping file for font encoding PD1
)
("/Users/chang-hyunmungai/Library/Application Support/MiKTeX/texmfs/install/tex
/generic/intcalc/intcalc.sty"
Package: intcalc 2019/12/15 v1.3 Expandable calculations with integers (HO)
)
("/Users/chang-hyunmungai/Library/Application Support/MiKTeX/texmfs/install/tex
/generic/etexcmds/etexcmds.sty"
Package: etexcmds 2019/12/15 v1.7 Avoid name clashes with e-TeX commands (HO)
)
\Hy@SavedSpaceFactor=\count197
Package hyperref Info: Hyper figures OFF on input line 4547.
Package hyperref Info: Link nesting OFF on input line 4552.
Package hyperref Info: Hyper index ON on input line 4555.
Package hyperref Info: Plain pages OFF on input line 4562.
Package hyperref Info: Backreferencing OFF on input line 4567.
Package hyperref Info: Implicit mode ON; LaTeX internals redefined.
Package hyperref Info: Bookmarks ON on input line 4800.
\c@Hy@tempcnt=\count198

("/Users/chang-hyunmungai/Library/Application Support/MiKTeX/texmfs/install/tex
/latex/url/url.sty"
\Urlmuskip=\muskip17
Package: url 2013/09/16  ver 3.4  Verb mode for urls, etc.
)
LaTeX Info: Redefining \url on input line 5159.
\XeTeXLinkMargin=\dimen151

("/Users/chang-hyunmungai/Library/Application Support/MiKTeX/texmfs/install/tex
/generic/bitset/bitset.sty"
Package: bitset 2019/12/09 v1.3 Handle bit-vector datatype (HO)

("/Users/chang-hyunmungai/Library/Application Support/MiKTeX/texmfs/install/tex
/generic/bigintcalc/bigintcalc.sty"
Package: bigintcalc 2019/12/15 v1.5 Expandable calculations on big integers (HO
)
))
\Fld@menulength=\count199
\Field@Width=\dimen152
\Fld@charsize=\dimen153
Package hyperref Info: Hyper figures OFF on input line 6430.
Package hyperref Info: Link nesting OFF on input line 6435.
Package hyperref Info: Hyper index ON on input line 6438.
Package hyperref Info: backreferencing OFF on input line 6445.
Package hyperref Info: Link coloring OFF on input line 6450.
Package hyperref Info: Link coloring with OCG OFF on input line 6455.
Package hyperref Info: PDF/A mode OFF on input line 6460.
LaTeX Info: Redefining \ref on input line 6500.
LaTeX Info: Redefining \pageref on input line 6504.

("/Users/chang-hyunmungai/Library/Application Support/MiKTeX/texmfs/install/tex
/generic/atbegshi/atbegshi.sty"
Package: atbegshi 2019/12/05 v1.19 At begin shipout hook (HO)
)
\Hy@abspage=\count266
\c@Item=\count267
\c@Hfootnote=\count268
)
Package hyperref Info: Driver (autodetected): hpdftex.

("/Users/chang-hyunmungai/Library/Application Support/MiKTeX/texmfs/install/tex
/latex/hyperref/hpdftex.def"
File: hpdftex.def 2020/01/14 v7.00d Hyperref driver for pdfTeX

("/Users/chang-hyunmungai/Library/Application Support/MiKTeX/texmfs/install/tex
/latex/atveryend/atveryend.sty"
Package: atveryend 2019-12-11 v1.11 Hooks at the very end of document (HO)
Package atveryend Info: \enddocument detected (standard20110627).
)
\Fld@listcount=\count269
\c@bookmark@seq@number=\count270

("/Users/chang-hyunmungai/Library/Application Support/MiKTeX/texmfs/install/tex
/latex/rerunfilecheck/rerunfilecheck.sty"
Package: rerunfilecheck 2019/12/05 v1.9 Rerun checks for auxiliary files (HO)

("/Users/chang-hyunmungai/Library/Application Support/MiKTeX/texmfs/install/tex
/generic/uniquecounter/uniquecounter.sty"
Package: uniquecounter 2019/12/15 v1.4 Provide unlimited unique counter (HO)
)
Package uniquecounter Info: New unique counter `rerunfilecheck' on input line 2
86.
)
\Hy@SectionHShift=\skip61
)
("/Users/chang-hyunmungai/Library/Application Support/MiKTeX/texmfs/install/tex
/latex/mathtools/mathtools.sty"
Package: mathtools 2020/01/17 v1.23 mathematical typesetting tools

("/Users/chang-hyunmungai/Library/Application Support/MiKTeX/texmfs/install/tex
/latex/tools/calc.sty"
Package: calc 2017/05/25 v4.3 Infix arithmetic (KKT,FJ)
\calc@Acount=\count271
\calc@Bcount=\count272
\calc@Adimen=\dimen154
\calc@Bdimen=\dimen155
\calc@Askip=\skip62
\calc@Bskip=\skip63
LaTeX Info: Redefining \setlength on input line 80.
LaTeX Info: Redefining \addtolength on input line 81.
\calc@Ccount=\count273
\calc@Cskip=\skip64
)
("/Users/chang-hyunmungai/Library/Application Support/MiKTeX/texmfs/install/tex
/latex/mathtools/mhsetup.sty"
Package: mhsetup 2017/03/31 v1.3 programming setup (MH)
)
LaTeX Info: Thecontrolsequence`\('isalreadyrobust on input line 129.
LaTeX Info: Thecontrolsequence`\)'isalreadyrobust on input line 129.
LaTeX Info: Thecontrolsequence`\['isalreadyrobust on input line 129.
LaTeX Info: Thecontrolsequence`\]'isalreadyrobust on input line 129.
\g_MT_multlinerow_int=\count274
\l_MT_multwidth_dim=\dimen156
\origjot=\skip65
\l_MT_shortvdotswithinadjustabove_dim=\dimen157
\l_MT_shortvdotswithinadjustbelow_dim=\dimen158
\l_MT_above_intertext_sep=\dimen159
\l_MT_below_intertext_sep=\dimen160
\l_MT_above_shortintertext_sep=\dimen161
\l_MT_below_shortintertext_sep=\dimen162
)
("/Users/chang-hyunmungai/Library/Application Support/MiKTeX/texmfs/install/tex
/latex/listings/lstlang1.sty"
File: lstlang1.sty 2019/09/10 1.8c listings language file
)
("/Users/chang-hyunmungai/Library/Application Support/MiKTeX/texmfs/install/tex
/latex/l3backend/l3backend-pdfmode.def"
File: l3backend-pdfmode.def 2020-02-23 L3 backend support: PDF mode
\l__kernel_color_stack_int=\count275
\l__pdf_internal_box=\box49
) ("Divide and Conquer.aux")
\openout1 = `"Divide and Conquer.aux"'.

LaTeX Font Info:    Checking defaults for OML/cmm/m/it on input line 54.
LaTeX Font Info:    ... okay on input line 54.
LaTeX Font Info:    Checking defaults for OMS/cmsy/m/n on input line 54.
LaTeX Font Info:    ... okay on input line 54.
LaTeX Font Info:    Checking defaults for OT1/cmr/m/n on input line 54.
LaTeX Font Info:    ... okay on input line 54.
LaTeX Font Info:    Checking defaults for T1/cmr/m/n on input line 54.
LaTeX Font Info:    ... okay on input line 54.
LaTeX Font Info:    Checking defaults for TS1/cmr/m/n on input line 54.
LaTeX Font Info:    ... okay on input line 54.
LaTeX Font Info:    Checking defaults for OMX/cmex/m/n on input line 54.
LaTeX Font Info:    ... okay on input line 54.
LaTeX Font Info:    Checking defaults for U/cmr/m/n on input line 54.
LaTeX Font Info:    ... okay on input line 54.
LaTeX Font Info:    Checking defaults for PD1/pdf/m/n on input line 54.
LaTeX Font Info:    ... okay on input line 54.
\c@lstlisting=\count276

("/Users/chang-hyunmungai/Library/Application Support/MiKTeX/texmfs/install/tex
/context/base/mkii/supp-pdf.mkii"
[Loading MPS to PDF converter (version 2006.09.02).]
\scratchcounter=\count277
\scratchdimen=\dimen163
\scratchbox=\box50
\nofMPsegments=\count278
\nofMParguments=\count279
\everyMPshowfont=\toks21
\MPscratchCnt=\count280
\MPscratchDim=\dimen164
\MPnumerator=\count281
\makeMPintoPDFobject=\count282
\everyMPtoPDFconversion=\toks22
)
("/Users/chang-hyunmungai/Library/Application Support/MiKTeX/texmfs/install/tex
/latex/epstopdf-pkg/epstopdf-base.sty"
Package: epstopdf-base 2020-01-24 v2.11 Base part for package epstopdf
Package epstopdf-base Info: Redefining graphics rule for `.eps' on input line 4
85.
)
\AtBeginShipoutBox=\box51
Package hyperref Info: Link coloring OFF on input line 54.

("/Users/chang-hyunmungai/Library/Application Support/MiKTeX/texmfs/install/tex
/latex/hyperref/nameref.sty"
Package: nameref 2019/09/16 v2.46 Cross-referencing by name of section

("/Users/chang-hyunmungai/Library/Application Support/MiKTeX/texmfs/install/tex
/latex/refcount/refcount.sty"
Package: refcount 2019/12/15 v3.6 Data extraction from label references (HO)
)
("/Users/chang-hyunmungai/Library/Application Support/MiKTeX/texmfs/install/tex
/generic/gettitlestring/gettitlestring.sty"
Package: gettitlestring 2019/12/15 v1.6 Cleanup title references (HO)
)
\c@section@level=\count283
)
LaTeX Info: Redefining \ref on input line 54.
LaTeX Info: Redefining \pageref on input line 54.
LaTeX Info: Redefining \nameref on input line 54.
 ("Divide and Conquer.out")
("Divide and Conquer.out")
\@outlinefile=\write3
\openout3 = `"Divide and Conquer.out"'.

Package atveryend Info: Empty hook `BeforeClearDocument' on input line 81.


Package Fancyhdr Warning: \headheight is too small (12.0pt): 
Make it at least 13.59999pt.
We now make it that large for the rest of the document.
This may cause the page layout to be inconsistent, however.

[1

{/Users/chang-hyunmungai/Library/Application Support/MiKTeX/texmfs/data/pdftex/
config/pdftex.map}]
Package atveryend Info: Empty hook `AfterLastShipout' on input line 81.
 ("Divide and Conquer.aux")
Package atveryend Info: Executing hook `AtVeryEndDocument' on input line 81.
Package atveryend Info: Executing hook `AtEndAfterFileList' on input line 81.
Package rerunfilecheck Info: File `"Divide and Conquer".out' has not changed.
(rerunfilecheck)             Checksum: D41D8CD98F00B204E9800998ECF8427E;0.
Package atveryend Info: Empty hook `AtVeryVeryEnd' on input line 81.
 ) 
Here is how much of TeX's memory you used:
 8318 strings out of 483473
 130036 string characters out of 2963666
 566759 words of memory out of 3000000
 23217 multiletter control sequences out of 15000+200000
 533585 words of font info for 28 fonts, out of 3000000 for 9000
 0 hyphenation exceptions out of 8191
 34i,11n,45p,238b,315s stack positions out of 5000i,500n,10000p,200000b,50000s
 </Users/chang-hyunmungai/Library/Application Support/MiKTeX/texmfs/data/font
s/pk/ljfour/jknappen/ec/dpi600/tcrm1095.pk></Users/chang-hyunmungai/Library/App
lication Support/MiKTeX/texmfs/install/fonts/type1/public/amsfonts/cm/cmbx10.pf
b></Users/chang-hyunmungai/Library/Application Support/MiKTeX/texmfs/install/fo
nts/type1/public/amsfonts/cm/cmr10.pfb></Users/chang-hyunmungai/Library/Applica
tion Support/MiKTeX/texmfs/install/fonts/type1/public/amsfonts/cm/cmr12.pfb>
Output written on "Divide and Conquer.pdf" (1 page, 38368 bytes).
PDF statistics:
 28 PDF objects out of 1000 (max. 8388607)
 2 named destinations out of 1000 (max. 500000)
 1 words of extra memory for PDF output out of 10000 (max. 10000000)

